2026-03-21 18:25:39 + : 﨟｣ATD  || pb-IF4JUVVbFA== || joined server 
2026-03-21 18:27:35 + : 﨟｣SteepDange  || None || joined server 
2026-03-21 18:27:36 + : 﨟｣SteepDange  || pb-IF4uXhETMg== || joined server 
2026-03-21 18:28:12 + : 﨟｣ATD  || pb-IF4JUVVbFA== || joined server 
2026-03-21 18:30:24 + : 﨟｣ATD  || None || joined server 
2026-03-21 18:30:25 + : 﨟｣ATD  || pb-IF4JUVVbFA== || joined server 
2026-03-21 18:30:46 + : 﨟｣SteepDange  || None || joined server 
2026-03-21 18:30:47 + : 﨟｣SteepDange  || pb-IF4uXhETMg== || joined server 
2026-03-21 18:31:09 + : 﨟｣ATD  || pb-IF4JUVVbFA== || joined server 
2026-03-21 18:31:10 + : 﨟｣Rahmaelgha  || pb-IF4PUVgdPw== || joined server 
2026-03-21 18:34:50 + : 﨟｣cRONALDO9  || pb-IF4nUUQuAg== || joined server 
2026-03-21 18:40:24 + : 﨟｣Rahmaelgha  || pb-IF4PUVgdPw== || joined server 
2026-03-21 18:44:04 + : 﨟｣ATD  || None || joined server 
2026-03-21 18:44:05 + : 﨟｣ATD  || pb-IF4JUVVbFA== || joined server 
2026-03-21 18:44:06 + : 﨟｣Noobegypt1  || None || joined server 
2026-03-21 18:44:06 + : 﨟｣HaughtyLeo  || pb-IF4HUG0DNA== || joined server 
2026-03-21 18:44:07 + : 﨟｣Noobegypt1  || pb-IF4sUVhcCQ== || joined server 
2026-03-21 18:44:58 + : 﨟｣AstuteFeas  || None || joined server 
2026-03-21 18:45:00 + : 﨟｣AstuteFeas  || pb-IF48XmopFw== || joined server 
2026-03-21 18:47:21 + : 﨟｣Rahmaelgha  || pb-IF4PUVgdPw== || joined server 
2026-03-21 18:48:50 + : 﨟｣HaughtyLeo  || None || joined server 
2026-03-21 18:48:51 + : 﨟｣HaughtyLeo  || pb-IF4HUG0DNA== || joined server 
2026-03-21 18:49:00 + : 﨟｣SteepDange  || None || joined server 
2026-03-21 18:49:01 + : 﨟｣SteepDange  || pb-IF4uXhETMg== || joined server 
2026-03-21 18:49:49 + : 﨟｣GenericPi2  || pb-IF4nU0EYVQ== || joined server 
2026-03-21 18:51:08 + : 﨟｣ATD  || pb-IF4JUVVbFA== || joined server 
2026-03-21 18:53:34 + : 﨟｣SteepDange  || pb-IF4uXhETMg== || joined server 
2026-03-21 18:54:06 + : 﨟｣Noobegypt1  || pb-IF4sUVhcCQ== || joined server 
2026-03-21 18:54:47 + : 﨟｣Noobegypt1  || pb-IF4sUVhcCQ== || joined server 
2026-03-21 18:55:05 + : 﨟｣Noobegypt1  || None || joined server 
2026-03-21 18:55:06 + : 﨟｣Noobegypt1  || pb-IF4sUVhcCQ== || joined server 
2026-03-21 18:55:47 + : 﨟｣Noobegypt1  || pb-IF4sUVhcCQ== || joined server 
2026-03-21 18:55:55 + : 﨟｣NoName19041645  || pb-IF4iXmkkUQ== || joined server 
2026-03-21 18:59:04 + : 﨟｣Rahmaelgha  || pb-IF4PUVgdPw== || joined server 
2026-03-21 18:59:37 + : 﨟｣BCS  || pb-IF4iU0QaEw== || joined server 
2026-03-21 18:59:57 + : 﨟｣Rahmaelgha  || None || joined server 
2026-03-21 18:59:58 + : 﨟｣Rahmaelgha  || pb-IF4PUVgdPw== || joined server 
2026-03-21 19:00:11 + : 﨟｣Rahmaelgha  || pb-IF4PUVgdPw== || joined server 
2026-03-21 19:00:31 + : 﨟｣Rahmaelgha  || pb-IF4PUVgdPw== || joined server 
2026-03-21 19:01:07 + : 﨟｣Rahmaelgha  || pb-IF4PUVgdPw== || joined server 
2026-03-21 19:01:22 + : 﨟｣Rahmaelgha  || None || joined server 
2026-03-21 19:01:23 + : 﨟｣Rahmaelgha  || pb-IF4PUVgdPw== || joined server 
2026-03-21 19:01:48 + : 﨟｣Rahmaelgha  || pb-IF4PUVgdPw== || joined server 
2026-03-21 19:02:17 + : 﨟｣Rahmaelgha  || pb-IF4PUVgdPw== || joined server 
2026-03-21 19:02:37 + : 﨟｣Rahmaelgha  || pb-IF4PUVgdPw== || joined server 
2026-03-21 19:03:04 + : 﨟｣Rahmaelgha  || pb-IF4PUVgdPw== || joined server 
2026-03-21 19:03:33 + : 﨟｣Rahmaelgha  || None || joined server 
2026-03-21 19:03:34 + : 﨟｣Rahmaelgha  || pb-IF4PUVgdPw== || joined server 
2026-03-21 19:04:03 + : 﨟｣RustyConv2  || pb-IF4KUFQPMg== || joined server 
2026-03-21 19:04:14 + : 﨟｣RustyConv2  || None || joined server 
2026-03-21 19:04:15 + : 﨟｣RustyConv2  || pb-IF4KUFQPMg== || joined server 
2026-03-21 19:04:16 + : 蕫ｰAndroid67408253  || pb-IF4oUXRfVg== || joined server 
2026-03-21 19:04:43 + : 﨟｣Noobegypt1  || None || joined server 
2026-03-21 19:04:44 + : 﨟｣Noobegypt1  || pb-IF4sUVhcCQ== || joined server 
2026-03-21 19:04:57 + : 﨟｣Rahmaelgha  || pb-IF4PUVgdPw== || joined server 
2026-03-21 19:04:57 + : 﨟｣HaughtyLeo  || pb-IF4HUG0DNA== || joined server 
2026-03-21 19:05:06 + : 﨟｣Noobegypt1  || pb-IF4sUVhcCQ== || joined server 
2026-03-21 19:05:43 + : 﨟｣Rahmaelgha  || pb-IF4PUVgdPw== || joined server 
2026-03-21 19:06:05 + : 﨟｣Rahmaelgha  || None || joined server 
2026-03-21 19:06:06 + : 﨟｣Rahmaelgha  || pb-IF4PUVgdPw== || joined server 
2026-03-21 19:09:05 + : 﨟｣AstuteFeas  || pb-IF48XmopFw== || joined server 
2026-03-21 19:14:07 + : 﨟｣CheeryCre4  || pb-IF4jXmpeJw== || joined server 
2026-03-21 19:16:08 + : 﨟｣ELmistro  || None || joined server 
2026-03-21 19:16:09 + : 﨟｣ELmistro  || pb-IF5VUUteVQ== || joined server 
2026-03-21 19:18:12 + : 﨟｣BCS  || pb-IF4iU0QaEw== || joined server 
2026-03-21 19:20:58 + : 蕫Soccer窶庚an  || pb-IF42VWgHKw== || joined server 
2026-03-21 19:21:21 + : 﨟｣ATD  || pb-IF4JUVVbFA== || joined server 
2026-03-21 19:26:40 + : 﨟｣HaughtyLeo  || None || joined server 
2026-03-21 21:23:19 + : 﨟｣Draxos  || None || joined server 
2026-03-21 21:23:20 + : 﨟｣Draxos  || pb-IF4tUU8EBg== || joined server 
2026-03-21 21:24:06 + : 﨟｣Draxos  || pb-IF4tUU8EBg== || joined server 
2026-03-21 21:24:59 + : 﨟｣Draxos  || pb-IF4tUU8EBg== || joined server 
2026-03-21 21:33:19 + : 﨟｣BCS  || pb-IF4iU0QaEw== || joined server 
2026-03-21 21:54:18 + : 﨟｣BCS  || None || joined server 
2026-03-21 21:54:19 + : 﨟｣BCS  || pb-IF4iU0QaEw== || joined server 
2026-03-21 22:07:59 + : 﨟｣ATD  || None || joined server 
2026-03-21 22:08:00 + : 﨟｣ATD  || pb-IF4JUVVbFA== || joined server 
2026-03-21 22:11:31 + : 﨟｣AZOR  || None || joined server 
2026-03-21 22:11:32 + : 﨟｣AZOR  || pb-IF4zXmcoLw== || joined server 
2026-03-21 22:12:35 + : 﨟｣BCS  || pb-IF4iU0QaEw== || joined server 
2026-03-21 22:25:55 + : 﨟｣BCS  || None || joined server 
2026-03-21 22:25:56 + : 﨟｣BCS  || pb-IF4iU0QaEw== || joined server 
2026-03-21 22:38:44 + : 﨟｣GrownExasp  || None || joined server 
2026-03-21 22:38:45 + : 﨟｣GrownExasp  || pb-IF4xXmg9NA== || joined server 
2026-03-21 22:43:37 + : 﨟｣BCS  || None || joined server 
2026-03-21 22:43:38 + : 﨟｣BCS  || pb-IF4iU0QaEw== || joined server 
2026-03-21 23:06:22 + : 﨟｣Coinci2837  || None || joined server 
2026-03-21 23:06:23 + : 﨟｣Coinci2837  || pb-IF4sXmkvHA== || joined server 
2026-03-21 23:06:58 + : 﨟｣BCS  || None || joined server 
2026-03-21 23:06:59 + : 﨟｣BCS  || pb-IF4iU0QaEw== || joined server 
2026-03-21 23:11:56 + : 﨟｣TANJIRO1x1  || pb-IF40UXcZLQ== || joined server 
2026-03-21 23:16:44 + : 蕫ｰAndroid68148495  || pb-IF4rUVkfMg== || joined server 
2026-03-21 23:25:09 + : 﨟｣BCS  || pb-IF4iU0QaEw== || joined server 
2026-03-21 23:37:16 + : 﨟｣Medo10  || None || joined server 
2026-03-21 23:37:17 + : 﨟｣Medo10  || pb-IF4gUUEdUg== || joined server 
2026-03-21 23:43:18 + : 﨟｣BCS  || pb-IF4iU0QaEw== || joined server 
2026-03-22 00:04:08 + : Finder  || None || joined server 
2026-03-22 00:19:45 + : 﨟｣BCS  || pb-IF4iU0QaEw== || joined server 
2026-03-22 00:36:58 + : 﨟｣BCS  || pb-IF4iU0QaEw== || joined server 
2026-03-22 00:55:08 + : 﨟｣BCS  || pb-IF4iU0QaEw== || joined server 
2026-03-22 01:12:25 + : 﨟｣BCS  || pb-IF4iU0QaEw== || joined server 
2026-03-22 01:30:32 + : 﨟｣BCS  || pb-IF4iU0QaEw== || joined server 
2026-03-22 01:38:25 + : 﨟｣BCS  || None || joined server 
2026-03-22 01:38:26 + : 﨟｣BCS  || pb-IF4iU0QaEw== || joined server 
2026-03-22 01:39:18 + : 﨟｣Unexam2263  || None || joined server 
2026-03-22 01:39:19 + : 﨟｣Unexam2263  || pb-IF4OXmMTNg== || joined server 
2026-03-22 01:43:28 + : 﨟｣MockingBa9  || pb-IF4JXmMbDw== || joined server 
2026-03-22 01:55:28 + : 蕫ｰAndroid68211823  || None || joined server 
2026-03-22 01:55:29 + : 蕫ｰAndroid68211823  || pb-IF4WXhcSXQ== || joined server 
2026-03-22 01:58:28 + : 﨟｣BCS  || pb-IF4iU0QaEw== || joined server 
2026-03-22 02:07:00 + : 﨟｣BCS  || None || joined server 
2026-03-22 02:07:01 + : 﨟｣BCS  || pb-IF4iU0QaEw== || joined server 
2026-03-22 02:21:35 + : 﨟｣BCS  || pb-IF4iU0QaEw== || joined server 
2026-03-22 02:38:51 + : 﨟｣BCS  || pb-IF4iU0QaEw== || joined server 
2026-03-22 03:15:55 + : 﨟｣BCS  || None || joined server 
2026-03-22 03:15:56 + : 﨟｣BCS  || pb-IF4iU0QaEw== || joined server 
2026-03-22 04:25:30 + : 﨟｣BCS  || None || joined server 
2026-03-22 04:25:31 + : 﨟｣BCS  || pb-IF4iU0QaEw== || joined server 
2026-03-22 04:27:29 + : 蕫ｰAndroid68220014  || pb-IF5SXmEMFQ== || joined server 
2026-03-22 04:32:46 + : 蕫ｰAndroid68220014  || None || joined server 
2026-03-22 04:32:47 + : 蕫ｰAndroid68220014  || pb-IF5SXmEMFQ== || joined server 
2026-03-22 04:32:54 + : 蕫ｰAndroid68219769  || pb-IF4QXhgPCQ== || joined server 
2026-03-22 04:36:50 + : 蕫ｰAndroid67408253  || pb-IF4oUXRfVg== || joined server 
2026-03-22 04:37:21 + : 﨟｣khelilbou  || pb-IF4lUHgzNQ== || joined server 
2026-03-22 04:38:54 + : 﨟｣khelilbou  || pb-IF4lUHgzNQ== || joined server 
2026-03-22 04:41:17 + : 﨟｣Draxos  || pb-IF4tUU8EBg== || joined server 
2026-03-22 04:41:53 + : 蕫ｰAndroid68220014  || None || joined server 
2026-03-22 04:41:54 + : 蕫ｰAndroid68220014  || pb-IF5SXmEMFQ== || joined server 
2026-03-22 04:42:18 + : 蕫ｰAndroid68220014  || pb-IF5SXmEMFQ== || joined server 
2026-03-22 04:42:48 + : 﨟｣ASHX  || pb-IF4SUFgHMw== || joined server 
2026-03-22 04:47:12 + : 﨟｣BCS  || pb-IF4iU0QaEw== || joined server 
2026-03-22 04:52:54 + : 﨟｣toxic505z  || None || joined server 
2026-03-22 04:52:55 + : 﨟｣toxic505z  || pb-IF49XmgBBg== || joined server 
2026-03-22 05:00:42 + : 﨟｣BCS  || pb-IF4iU0QaEw== || joined server 
2026-03-22 05:07:01 + : 蕫ｰAndroid68220014  || pb-IF5SXmEMFQ== || joined server 
2026-03-22 05:07:34 + : 蕫ｰAndroid68220014  || pb-IF5SXmEMFQ== || joined server 
2026-03-22 05:18:23 + : 﨟｣BCS  || pb-IF4iU0QaEw== || joined server 
2026-03-22 05:19:10 + : 蕫ｰAndroid67764050  || None || joined server 
2026-03-22 05:19:11 + : 蕫ｰAndroid67764050  || pb-IF4VUEsbCw== || joined server 
2026-03-22 05:26:45 + : 﨟｣YAHYAX8  || None || joined server 
2026-03-22 05:26:46 + : 﨟｣YAHYAX8  || pb-IF4WUEFdFw== || joined server 
2026-03-22 05:34:52 + : 﨟｣BCS  || None || joined server 
2026-03-22 05:34:53 + : 﨟｣BCS  || pb-IF4iU0QaEw== || joined server 
2026-03-22 05:54:55 + : 蕫ｰAndroid68263197  || pb-IF4lXmcCBg== || joined server 
2026-03-22 05:55:24 + : 蕫ｰAndroid68263197  || pb-IF4lXmcCBg== || joined server 
2026-03-22 06:00:47 + : 蕫ｰAndroid67764050  || pb-IF4VUEsbCw== || joined server 
2026-03-22 06:12:11 + : 﨟｣BCS  || pb-IF4iU0QaEw== || joined server 
2026-03-22 06:28:37 + : 﨟｣BCS  || pb-IF4iU0QaEw== || joined server 
2026-03-22 06:29:42 + : 﨟｣NoNameC18097775  || pb-IF4TXmFZDg== || joined server 
2026-03-22 06:30:52 + : 﨟｣DANIIII  || pb-IF48UXk8VA== || joined server 
2026-03-22 06:36:38 + : 蕫ｰAndroid68263197  || pb-IF4lXmcCBg== || joined server 
2026-03-22 06:39:53 + : 﨟｣YAHYAX8  || pb-IF4WUEFdFw== || joined server 
2026-03-22 07:03:46 + : 﨟｣BCS  || pb-IF4iU0QaEw== || joined server 
2026-03-22 07:12:38 + : 﨟｣Drap  || pb-IF4dURU_NA== || joined server 
2026-03-22 07:28:23 + : Finder  || None || joined server 
2026-03-22 07:37:53 + : 﨟｣BCS  || pb-IF4iU0QaEw== || joined server 
2026-03-22 08:31:14 + : 﨟｣BCS  || pb-IF4iU0QaEw== || joined server 
2026-03-22 08:32:14 + : 﨟｣ATD  || None || joined server 
2026-03-22 08:32:15 + : 﨟｣ATD  || pb-IF4JUVVbFA== || joined server 
2026-03-22 08:49:40 + : 蕫ｰAndroid68009983  || pb-IF5cUUxcXA== || joined server 
2026-03-22 08:51:33 + : 﨟｣ATD  || None || joined server 
2026-03-22 08:51:35 + : 﨟｣ATD  || pb-IF4JUVVbFA== || joined server 
2026-03-22 08:52:15 + : 﨟｣Inexcu1033  || pb-IF4xUUQHEw== || joined server 
2026-03-22 08:52:24 + : 﨟｣BCS  || pb-IF4iU0QaEw== || joined server 
2026-03-22 08:52:36 + : 蕫ｰAndroid68009983  || None || joined server 
2026-03-22 08:52:37 + : 蕫ｰAndroid68009983  || pb-IF5cUUxcXA== || joined server 
2026-03-22 09:00:39 + : 蕫ｰAndroid68220014  || None || joined server 
2026-03-22 09:00:40 + : 蕫ｰAndroid68220014  || pb-IF5SXmEMFQ== || joined server 
2026-03-22 09:08:10 + : 﨟｣BCS  || pb-IF4iU0QaEw== || joined server 
2026-03-22 09:08:15 + : 蕫ｰAndroid68220014  || pb-IF5SXmEMFQ== || joined server 
2026-03-22 09:09:55 + : 蕫ｰAndroid68220014  || None || joined server 
2026-03-22 09:09:56 + : 蕫ｰAndroid68220014  || pb-IF5SXmEMFQ== || joined server 
2026-03-22 09:12:02 + : 蕫ｰAndroid68009983  || None || joined server 
2026-03-22 09:12:03 + : 蕫ｰAndroid68009983  || pb-IF5cUUxcXA== || joined server 
2026-03-22 09:26:36 + : 﨟｣BCS  || None || joined server 
2026-03-22 09:26:37 + : 﨟｣BCS  || pb-IF4iU0QaEw== || joined server 
2026-03-22 09:29:43 + : 﨟｣UncalledAd  || pb-IF4MXhIPNA== || joined server 
2026-03-22 09:40:28 + : 﨟｣Rahmaelgha  || pb-IF4PUVgdPw== || joined server 
2026-03-22 09:44:21 + : 﨟｣BCS  || pb-IF4iU0QaEw== || joined server 
2026-03-22 09:44:59 + : 﨟｣Ana3LI  || pb-IF4-UFYGIg== || joined server 
2026-03-22 09:56:53 + : 﨟｣BCS  || None || joined server 
2026-03-22 09:56:54 + : 﨟｣BCS  || pb-IF4iU0QaEw== || joined server 
2026-03-22 10:01:50 + : 﨟｣ATD  || pb-IF4JUVVbFA== || joined server 
2026-03-22 10:07:56 + : 﨟｣tahamasri  || pb-IF4zUVYiFw== || joined server 
2026-03-22 10:17:58 + : 﨟｣BCS  || pb-IF4iU0QaEw== || joined server 
2026-03-22 10:19:15 + : 﨟｣Verbati438  || pb-IF42XmktIQ== || joined server 
2026-03-22 10:20:35 + : 﨟｣UncalledAd  || None || joined server 
2026-03-22 10:20:36 + : 﨟｣UncalledAd  || pb-IF4MXhIPNA== || joined server 
2026-03-22 10:27:02 + : 﨟｣HaughtyLeo  || pb-IF4HUG0DNA== || joined server 
2026-03-22 10:27:13 + : 﨟｣tahamasri  || pb-IF4zUVYiFw== || joined server 
2026-03-22 10:31:12 + : 﨟｣ATD  || pb-IF4JUVVbFA== || joined server 
2026-03-22 10:33:20 + : 﨟｣OilyAdorat  || pb-IF4iUXItPA== || joined server 
2026-03-22 10:34:07 + : 﨟｣Unconve391  || pb-IF4vXmkDLw== || joined server 
2026-03-22 10:36:32 + : 﨟｣BCS  || pb-IF4iU0QaEw== || joined server 
2026-03-22 10:42:25 + : 﨟｣ExtremeSi9  || pb-IF4OURkaVw== || joined server 
2026-03-22 10:43:52 + : 﨟｣Change1121  || pb-IF43UXQ8HA== || joined server 
2026-03-22 10:44:55 + : 﨟｣EvilHeale2  || None || joined server 
2026-03-22 10:44:56 + : 﨟｣EvilHeale2  || pb-IF4KUG9cHw== || joined server 
2026-03-22 10:45:58 + : 﨟｣EvilHeale2  || pb-IF4KUG9cHw== || joined server 
2026-03-22 10:47:30 + : 﨟｣LoftyScram  || pb-IF4JUnUEJw== || joined server 
2026-03-22 10:49:51 + : 﨟｣ATD  || pb-IF4JUVVbFA== || joined server 
2026-03-22 10:51:11 + : 﨟｣tahamasri  || None || joined server 
2026-03-22 10:51:12 + : 﨟｣tahamasri  || pb-IF4zUVYiFw== || joined server 
2026-03-22 10:54:37 + : 﨟｣BCS  || pb-IF4iU0QaEw== || joined server 
2026-03-22 10:55:38 + : 﨟｣EvilHeale2  || pb-IF4KUG9cHw== || joined server 
2026-03-22 10:55:48 + : 蕫ｰAndroid68009983  || pb-IF5cUUxcXA== || joined server 
2026-03-22 10:57:13 + : 﨟｣haytm  || pb-IF4LXmUIEA== || joined server 
2026-03-22 11:11:37 + : 﨟｣Change1121  || pb-IF43UXQ8HA== || joined server 
2026-03-22 11:12:01 + : 﨟｣tahamasri  || None || joined server 
2026-03-22 11:12:02 + : 﨟｣tahamasri  || pb-IF4zUVYiFw== || joined server 
2026-03-22 11:12:10 + : 﨟｣FlyingFlap  || pb-IF4BUk4MJw== || joined server 
2026-03-22 11:12:43 + : 﨟｣BCS  || pb-IF4iU0QaEw== || joined server 
2026-03-22 11:13:39 + : 﨟｣FlyingFlap  || pb-IF4BUk4MJw== || joined server 
2026-03-22 11:14:28 + : 﨟｣FlyingFlap  || pb-IF4BUk4MJw== || joined server 
2026-03-22 11:16:13 + : 﨟｣Change1121  || None || joined server 
2026-03-22 11:16:14 + : 﨟｣Change1121  || pb-IF43UXQ8HA== || joined server 
2026-03-22 11:20:51 + : 﨟｣HaughtyLeo  || pb-IF4HUG0DNA== || joined server 
2026-03-22 11:21:12 + : 﨟｣HaughtyLeo  || pb-IF4HUG0DNA== || joined server 
2026-03-22 11:25:14 + : 﨟｣Change1121  || None || joined server 
2026-03-22 11:25:15 + : 﨟｣Change1121  || pb-IF43UXQ8HA== || joined server 
2026-03-22 11:25:19 + : 﨟｣ATD  || None || joined server 
2026-03-22 11:25:20 + : 﨟｣ATD  || pb-IF4JUVVbFA== || joined server 
2026-03-22 11:30:37 + : 﨟｣BCS  || pb-IF4iU0QaEw== || joined server 
2026-03-22 11:34:55 + : 﨟｣SpokenPai2  || pb-IF4RXmgYMA== || joined server 
2026-03-22 11:36:48 + : 﨟｣zzzzz0  || pb-IF4KUWwDKQ== || joined server 
2026-03-22 11:37:28 + : 﨟｣HaughtyLeo  || None || joined server 
2026-03-22 11:37:29 + : 﨟｣FlyingFlap  || pb-IF4BUk4MJw== || joined server 
2026-03-22 11:37:29 + : 﨟｣HaughtyLeo  || pb-IF4HUG0DNA== || joined server 
2026-03-22 11:37:30 + : 﨟｣Change1121  || pb-IF43UXQ8HA== || joined server 
2026-03-22 11:37:47 + : 﨟｣ATD  || pb-IF4JUVVbFA== || joined server 
2026-03-22 11:38:45 + : 﨟｣PlusEmbarr  || None || joined server 
2026-03-22 11:38:46 + : 﨟｣PlusEmbarr  || pb-IF4lXmYmPQ== || joined server 
2026-03-22 11:39:12 + : 﨟｣FolkLicens  || None || joined server 
2026-03-22 11:39:14 + : 﨟｣FolkLicens  || pb-IF4sUG8TPA== || joined server 
2026-03-22 11:41:53 + : 﨟｣Rou4r  || None || joined server 
2026-03-22 11:41:54 + : 﨟｣Rou4r  || pb-IF4jUVI_Pw== || joined server 
2026-03-22 11:45:26 + : 﨟｣ATD  || pb-IF4JUVVbFA== || joined server 
2026-03-22 11:45:49 + : 﨟｣Enjoya1277  || pb-IF4xXhYmLQ== || joined server 
2026-03-22 11:48:33 + : 﨟｣Change1121  || pb-IF43UXQ8HA== || joined server 
2026-03-22 11:49:27 + : 﨟｣StrawHats2  || pb-IF5cXhc_KA== || joined server 
2026-03-22 11:53:04 + : Finder  || None || joined server 
2026-03-22 11:55:22 + : 﨟｣Articul129  || pb-IF4PUG4JEw== || joined server 
2026-03-22 11:59:34 + : 﨟｣Articul129  || pb-IF4PUG4JEw== || joined server 
2026-03-22 12:00:03 + : 﨟｣Android66238959  || pb-IF4RUEY-Dw== || joined server 
2026-03-22 12:02:56 + : 﨟｣xSIMOx  || pb-IF4nUVQuFA== || joined server 
2026-03-22 12:05:49 + : 﨟｣PC12567Q7  || None || joined server 
2026-03-22 12:05:50 + : 﨟｣PC12567Q7  || pb-IF4PXmk-Mw== || joined server 
2026-03-22 12:06:21 + : 﨟｣BCS  || pb-IF4iU0QaEw== || joined server 
2026-03-22 12:06:58 + : 﨟｣FlyingFlap  || pb-IF4BUk4MJw== || joined server 
2026-03-22 12:08:38 + : 﨟｣Change1121  || pb-IF43UXQ8HA== || joined server 
2026-03-22 12:23:49 + : 﨟｣BCS  || pb-IF4iU0QaEw== || joined server 
2026-03-22 12:31:29 + : 﨟｣delvenc  || pb-IF4tUEofEQ== || joined server 
2026-03-22 12:32:37 + : 﨟｣ATD  || pb-IF4JUVVbFA== || joined server 
2026-03-22 12:41:25 + : 﨟｣BCS  || pb-IF4iU0QaEw== || joined server 
2026-03-22 12:43:26 + : 﨟｣IYADyc7  || pb-IF5dXmggUA== || joined server 
2026-03-22 12:52:20 + : 﨟｣ATD  || pb-IF4JUVVbFA== || joined server 
2026-03-22 13:14:16 + : 﨟｣ATD  || pb-IF4JUVVbFA== || joined server 
2026-03-22 13:14:59 + : 﨟｣ATD  || None || joined server 
2026-03-22 13:15:00 + : 﨟｣ATD  || pb-IF4JUVVbFA== || joined server 
2026-03-22 13:17:19 + : 﨟｣ATD  || pb-IF4JUVVbFA== || joined server 
2026-03-22 13:23:01 + : 﨟｣ATD  || pb-IF4JUVVbFA== || joined server 
2026-03-22 13:25:27 + : 﨟｣ATD  || pb-IF4JUVVbFA== || joined server 
2026-03-22 13:27:40 + : 﨟｣AmissFalse  || pb-IF4yXmktBA== || joined server 
2026-03-22 13:28:49 + : 﨟｣NeuralBall  || None || joined server 
