2026-03-21 18:24:04 + : Server started 
2026-03-21 18:25:39 + : pb-IF4JUVVbFA== pb-IF4JUVVbFA== 6970eaf24efd9a856d2e989aca6730892a37d1bb 
2026-03-21 18:27:35 + : None None 76d0766fef94316617e85ba886775561438c1348 
2026-03-21 18:27:36 + : pb-IF4uXhETMg== pb-IF4uXhETMg== 76d0766fef94316617e85ba886775561438c1348 
2026-03-21 18:28:12 + : pb-IF4JUVVbFA== pb-IF4JUVVbFA== 6970eaf24efd9a856d2e989aca6730892a37d1bb 
2026-03-21 18:28:12 + : pb-IF4JUVVbFA== ip: pb-IF4JUVVbFA== , Device id: 6970eaf24efd9a856d2e989aca6730892a37d1bb 
2026-03-21 18:30:01 + : Server started 
2026-03-21 18:30:24 + : None None 6970eaf24efd9a856d2e989aca6730892a37d1bb 
2026-03-21 18:30:25 + : pb-IF4JUVVbFA== pb-IF4JUVVbFA== 6970eaf24efd9a856d2e989aca6730892a37d1bb 
2026-03-21 18:30:25 + : pb-IF4JUVVbFA== ip: pb-IF4JUVVbFA== , Device id: 6970eaf24efd9a856d2e989aca6730892a37d1bb 
2026-03-21 18:30:46 + : None None 76d0766fef94316617e85ba886775561438c1348 
2026-03-21 18:30:47 + : pb-IF4uXhETMg== pb-IF4uXhETMg== 76d0766fef94316617e85ba886775561438c1348 
2026-03-21 18:30:47 + : pb-IF4uXhETMg== ip: pb-IF4uXhETMg== , Device id: 76d0766fef94316617e85ba886775561438c1348 
2026-03-21 18:31:09 + : pb-IF4JUVVbFA== pb-IF4JUVVbFA== 6970eaf24efd9a856d2e989aca6730892a37d1bb 
2026-03-21 18:31:09 + : pb-IF4JUVVbFA== ip: pb-IF4JUVVbFA== , Device id: 6970eaf24efd9a856d2e989aca6730892a37d1bb 
2026-03-21 18:31:10 + : pb-IF4PUVgdPw== pb-IF4PUVgdPw== d83fd4af4e81bd7c8b06ad56a716c074b3599a7a 
2026-03-21 18:34:44 + : pb-IF4PUVgdPw== | kicked for chat spam 
2026-03-21 18:34:50 + : pb-IF4nUUQuAg== pb-IF4nUUQuAg== 61ec14c3b137e1d824e73ad6db691692219cc46a 
2026-03-21 18:40:24 + : pb-IF4PUVgdPw== pb-IF4PUVgdPw== d83fd4af4e81bd7c8b06ad56a716c074b3599a7a 
2026-03-21 18:40:24 + : pb-IF4PUVgdPw== ip: pb-IF4PUVgdPw== , Device id: d83fd4af4e81bd7c8b06ad56a716c074b3599a7a 
2026-03-21 18:41:01 + : pb-IF4PUVgdPw== | kicked for chat spam 
2026-03-21 18:44:04 + : None None 6970eaf24efd9a856d2e989aca6730892a37d1bb 
2026-03-21 18:44:05 + : pb-IF4JUVVbFA== pb-IF4JUVVbFA== 6970eaf24efd9a856d2e989aca6730892a37d1bb 
2026-03-21 18:44:05 + : pb-IF4JUVVbFA== ip: pb-IF4JUVVbFA== , Device id: 6970eaf24efd9a856d2e989aca6730892a37d1bb 
2026-03-21 18:44:06 + : None None 8429140850d800bda7a2a4a51b5afc6b1abcb184 
2026-03-21 18:44:06 + : pb-IF4HUG0DNA== pb-IF4HUG0DNA== 843c649fd190f334f90dfeb0cd03c382cd9fe7f0 
2026-03-21 18:44:07 + : pb-IF4sUVhcCQ== pb-IF4sUVhcCQ== 8429140850d800bda7a2a4a51b5afc6b1abcb184 
2026-03-21 18:44:58 + : None None 60b2aa1e765bde6f06d5f938553fc0043b0f56dc 
2026-03-21 18:45:00 + : pb-IF48XmopFw== pb-IF48XmopFw== 60b2aa1e765bde6f06d5f938553fc0043b0f56dc 
2026-03-21 18:45:02 + : pb-IF48XmopFw==|| kicked > new account 
2026-03-21 18:48:27 + : Server started 
2026-03-21 18:48:50 + : None None 843c649fd190f334f90dfeb0cd03c382cd9fe7f0 
2026-03-21 18:48:51 + : pb-IF4HUG0DNA== pb-IF4HUG0DNA== 843c649fd190f334f90dfeb0cd03c382cd9fe7f0 
2026-03-21 18:48:51 + : pb-IF4HUG0DNA== ip: pb-IF4HUG0DNA== , Device id: 843c649fd190f334f90dfeb0cd03c382cd9fe7f0 
2026-03-21 18:49:00 + : None None 76d0766fef94316617e85ba886775561438c1348 
2026-03-21 18:49:01 + : pb-IF4uXhETMg== pb-IF4uXhETMg== 76d0766fef94316617e85ba886775561438c1348 
2026-03-21 18:49:01 + : pb-IF4uXhETMg== ip: pb-IF4uXhETMg== , Device id: 76d0766fef94316617e85ba886775561438c1348 
2026-03-21 18:49:49 + : pb-IF4nU0EYVQ== pb-IF4nU0EYVQ== f35f70ae7144cf8641e3600fe76afe914d250ec8 
2026-03-21 18:51:08 + : pb-IF4JUVVbFA== pb-IF4JUVVbFA== 6970eaf24efd9a856d2e989aca6730892a37d1bb 
2026-03-21 18:51:08 + : pb-IF4JUVVbFA== ip: pb-IF4JUVVbFA== , Device id: 6970eaf24efd9a856d2e989aca6730892a37d1bb 
2026-03-21 18:53:34 + : pb-IF4uXhETMg== pb-IF4uXhETMg== 76d0766fef94316617e85ba886775561438c1348 
2026-03-21 18:53:34 + : pb-IF4uXhETMg== ip: pb-IF4uXhETMg== , Device id: 76d0766fef94316617e85ba886775561438c1348 
2026-03-21 18:54:06 + : pb-IF4sUVhcCQ== pb-IF4sUVhcCQ== 8429140850d800bda7a2a4a51b5afc6b1abcb184 
2026-03-21 18:54:06 + : pb-IF4sUVhcCQ== ip: pb-IF4sUVhcCQ== , Device id: 8429140850d800bda7a2a4a51b5afc6b1abcb184 
2026-03-21 18:54:47 + : pb-IF4sUVhcCQ== pb-IF4sUVhcCQ== 8429140850d800bda7a2a4a51b5afc6b1abcb184 
2026-03-21 18:54:47 + : pb-IF4sUVhcCQ== ip: pb-IF4sUVhcCQ== , Device id: 8429140850d800bda7a2a4a51b5afc6b1abcb184 
2026-03-21 18:55:05 + : None None 8429140850d800bda7a2a4a51b5afc6b1abcb184 
2026-03-21 18:55:06 + : pb-IF4sUVhcCQ== pb-IF4sUVhcCQ== 8429140850d800bda7a2a4a51b5afc6b1abcb184 
2026-03-21 18:55:06 + : pb-IF4sUVhcCQ== ip: pb-IF4sUVhcCQ== , Device id: 8429140850d800bda7a2a4a51b5afc6b1abcb184 
2026-03-21 18:55:47 + : pb-IF4sUVhcCQ== pb-IF4sUVhcCQ== 8429140850d800bda7a2a4a51b5afc6b1abcb184 
2026-03-21 18:55:47 + : pb-IF4sUVhcCQ== ip: pb-IF4sUVhcCQ== , Device id: 8429140850d800bda7a2a4a51b5afc6b1abcb184 
2026-03-21 18:55:55 + : pb-IF4iXmkkUQ== pb-IF4iXmkkUQ== 1f69e17b8c8bef2d297a2a6d1c59b592f33cb77e 
2026-03-21 18:55:57 + : pb-IF4iXmkkUQ==|| kicked > new account 
2026-03-21 18:59:04 + : pb-IF4PUVgdPw== pb-IF4PUVgdPw== d83fd4af4e81bd7c8b06ad56a716c074b3599a7a 
2026-03-21 18:59:04 + : pb-IF4PUVgdPw== ip: pb-IF4PUVgdPw== , Device id: d83fd4af4e81bd7c8b06ad56a716c074b3599a7a 
2026-03-21 18:59:37 + : pb-IF4iU0QaEw== pb-IF4iU0QaEw== 4da63e77c8e855d8d121f66e6efdb706c65f6e05 
2026-03-21 18:59:57 + : None None d83fd4af4e81bd7c8b06ad56a716c074b3599a7a 
2026-03-21 18:59:58 + : pb-IF4PUVgdPw== pb-IF4PUVgdPw== d83fd4af4e81bd7c8b06ad56a716c074b3599a7a 
2026-03-21 18:59:58 + : pb-IF4PUVgdPw== ip: pb-IF4PUVgdPw== , Device id: d83fd4af4e81bd7c8b06ad56a716c074b3599a7a 
2026-03-21 19:00:11 + : pb-IF4PUVgdPw== pb-IF4PUVgdPw== d83fd4af4e81bd7c8b06ad56a716c074b3599a7a 
2026-03-21 19:00:11 + : pb-IF4PUVgdPw== ip: pb-IF4PUVgdPw== , Device id: d83fd4af4e81bd7c8b06ad56a716c074b3599a7a 
2026-03-21 19:00:31 + : pb-IF4PUVgdPw== pb-IF4PUVgdPw== d83fd4af4e81bd7c8b06ad56a716c074b3599a7a 
2026-03-21 19:00:31 + : pb-IF4PUVgdPw== ip: pb-IF4PUVgdPw== , Device id: d83fd4af4e81bd7c8b06ad56a716c074b3599a7a 
2026-03-21 19:01:07 + : pb-IF4PUVgdPw== pb-IF4PUVgdPw== d83fd4af4e81bd7c8b06ad56a716c074b3599a7a 
2026-03-21 19:01:07 + : pb-IF4PUVgdPw== ip: pb-IF4PUVgdPw== , Device id: d83fd4af4e81bd7c8b06ad56a716c074b3599a7a 
2026-03-21 19:01:22 + : None None d83fd4af4e81bd7c8b06ad56a716c074b3599a7a 
2026-03-21 19:01:23 + : pb-IF4PUVgdPw== pb-IF4PUVgdPw== d83fd4af4e81bd7c8b06ad56a716c074b3599a7a 
2026-03-21 19:01:23 + : pb-IF4PUVgdPw== ip: pb-IF4PUVgdPw== , Device id: d83fd4af4e81bd7c8b06ad56a716c074b3599a7a 
2026-03-21 19:01:48 + : pb-IF4PUVgdPw== pb-IF4PUVgdPw== d83fd4af4e81bd7c8b06ad56a716c074b3599a7a 
2026-03-21 19:01:48 + : pb-IF4PUVgdPw== ip: pb-IF4PUVgdPw== , Device id: d83fd4af4e81bd7c8b06ad56a716c074b3599a7a 
2026-03-21 19:02:17 + : pb-IF4PUVgdPw== pb-IF4PUVgdPw== d83fd4af4e81bd7c8b06ad56a716c074b3599a7a 
2026-03-21 19:02:17 + : pb-IF4PUVgdPw== ip: pb-IF4PUVgdPw== , Device id: d83fd4af4e81bd7c8b06ad56a716c074b3599a7a 
2026-03-21 19:02:37 + : pb-IF4PUVgdPw== pb-IF4PUVgdPw== d83fd4af4e81bd7c8b06ad56a716c074b3599a7a 
2026-03-21 19:02:37 + : pb-IF4PUVgdPw== ip: pb-IF4PUVgdPw== , Device id: d83fd4af4e81bd7c8b06ad56a716c074b3599a7a 
2026-03-21 19:03:04 + : pb-IF4PUVgdPw== pb-IF4PUVgdPw== d83fd4af4e81bd7c8b06ad56a716c074b3599a7a 
2026-03-21 19:03:04 + : pb-IF4PUVgdPw== ip: pb-IF4PUVgdPw== , Device id: d83fd4af4e81bd7c8b06ad56a716c074b3599a7a 
2026-03-21 19:03:33 + : None None d83fd4af4e81bd7c8b06ad56a716c074b3599a7a 
2026-03-21 19:03:34 + : pb-IF4PUVgdPw== pb-IF4PUVgdPw== d83fd4af4e81bd7c8b06ad56a716c074b3599a7a 
2026-03-21 19:03:34 + : pb-IF4PUVgdPw== ip: pb-IF4PUVgdPw== , Device id: d83fd4af4e81bd7c8b06ad56a716c074b3599a7a 
2026-03-21 19:04:03 + : pb-IF4KUFQPMg== pb-IF4KUFQPMg== 7efc256992aae2cf5304ab5a9d716ec66c4b6382 
2026-03-21 19:04:14 + : None None 7efc256992aae2cf5304ab5a9d716ec66c4b6382 
2026-03-21 19:04:15 + : pb-IF4KUFQPMg== pb-IF4KUFQPMg== 7efc256992aae2cf5304ab5a9d716ec66c4b6382 
2026-03-21 19:04:15 + : pb-IF4KUFQPMg== ip: pb-IF4KUFQPMg== , Device id: 7efc256992aae2cf5304ab5a9d716ec66c4b6382 
2026-03-21 19:04:16 + : pb-IF4oUXRfVg== pb-IF4oUXRfVg== 1f69e17b8c8bef2d297a2a6d1c59b592f33cb77e 
2026-03-21 19:04:43 + : None None 8429140850d800bda7a2a4a51b5afc6b1abcb184 
2026-03-21 19:04:44 + : pb-IF4sUVhcCQ== pb-IF4sUVhcCQ== 8429140850d800bda7a2a4a51b5afc6b1abcb184 
2026-03-21 19:04:44 + : pb-IF4sUVhcCQ== ip: pb-IF4sUVhcCQ== , Device id: 8429140850d800bda7a2a4a51b5afc6b1abcb184 
2026-03-21 19:04:57 + : pb-IF4PUVgdPw== pb-IF4PUVgdPw== d83fd4af4e81bd7c8b06ad56a716c074b3599a7a 
2026-03-21 19:04:57 + : pb-IF4PUVgdPw== ip: pb-IF4PUVgdPw== , Device id: d83fd4af4e81bd7c8b06ad56a716c074b3599a7a 
2026-03-21 19:04:57 + : pb-IF4HUG0DNA== pb-IF4HUG0DNA== 843c649fd190f334f90dfeb0cd03c382cd9fe7f0 
2026-03-21 19:04:57 + : pb-IF4HUG0DNA== ip: pb-IF4HUG0DNA== , Device id: 843c649fd190f334f90dfeb0cd03c382cd9fe7f0 
2026-03-21 19:05:06 + : pb-IF4sUVhcCQ== pb-IF4sUVhcCQ== 8429140850d800bda7a2a4a51b5afc6b1abcb184 
2026-03-21 19:05:06 + : pb-IF4sUVhcCQ== ip: pb-IF4sUVhcCQ== , Device id: 8429140850d800bda7a2a4a51b5afc6b1abcb184 
2026-03-21 19:05:43 + : pb-IF4PUVgdPw== pb-IF4PUVgdPw== d83fd4af4e81bd7c8b06ad56a716c074b3599a7a 
2026-03-21 19:05:43 + : pb-IF4PUVgdPw== ip: pb-IF4PUVgdPw== , Device id: d83fd4af4e81bd7c8b06ad56a716c074b3599a7a 
2026-03-21 19:06:05 + : None None d83fd4af4e81bd7c8b06ad56a716c074b3599a7a 
2026-03-21 19:06:06 + : pb-IF4PUVgdPw== pb-IF4PUVgdPw== d83fd4af4e81bd7c8b06ad56a716c074b3599a7a 
2026-03-21 19:06:06 + : pb-IF4PUVgdPw== ip: pb-IF4PUVgdPw== , Device id: d83fd4af4e81bd7c8b06ad56a716c074b3599a7a 
2026-03-21 19:09:05 + : pb-IF48XmopFw== pb-IF48XmopFw== 60b2aa1e765bde6f06d5f938553fc0043b0f56dc 
2026-03-21 19:09:05 + : pb-IF48XmopFw== | kicked > reason:Banned account 
2026-03-21 19:09:15 + : pb-IF4PUVgdPw== | kicked for chat spam 
2026-03-21 19:14:07 + : pb-IF4jXmpeJw== pb-IF4jXmpeJw== df44637638bf1322a0821247abfe851bd245b0ce 
2026-03-21 19:14:09 + : pb-IF4jXmpeJw==|| kicked > new account 
2026-03-21 19:16:08 + : None None 0507cff6c0b4f481046dc5320d84dbb0f22e9d94 
2026-03-21 19:16:09 + : pb-IF5VUUteVQ== pb-IF5VUUteVQ== 0507cff6c0b4f481046dc5320d84dbb0f22e9d94 
2026-03-21 19:18:12 + : pb-IF4iU0QaEw== pb-IF4iU0QaEw== 4da63e77c8e855d8d121f66e6efdb706c65f6e05 
2026-03-21 19:18:12 + : pb-IF4iU0QaEw== ip: pb-IF4iU0QaEw== , Device id: 4da63e77c8e855d8d121f66e6efdb706c65f6e05 
2026-03-21 19:20:58 + : pb-IF42VWgHKw== pb-IF42VWgHKw== None 
2026-03-21 19:21:21 + : pb-IF4JUVVbFA== pb-IF4JUVVbFA== 6970eaf24efd9a856d2e989aca6730892a37d1bb 
2026-03-21 19:21:21 + : pb-IF4JUVVbFA== ip: pb-IF4JUVVbFA== , Device id: 6970eaf24efd9a856d2e989aca6730892a37d1bb 
2026-03-21 19:26:40 + : None None 843c649fd190f334f90dfeb0cd03c382cd9fe7f0 
2026-03-21 19:26:41 + : pb-IF4HUG0DNA== pb-IF4HUG0DNA== 843c649fd190f334f90dfeb0cd03c382cd9fe7f0 
2026-03-21 19:26:41 + : pb-IF4HUG0DNA== ip: pb-IF4HUG0DNA== , Device id: 843c649fd190f334f90dfeb0cd03c382cd9fe7f0 
2026-03-21 19:36:49 + : pb-IF4iU0QaEw== pb-IF4iU0QaEw== 4da63e77c8e855d8d121f66e6efdb706c65f6e05 
2026-03-21 21:22:13 + : Server started 
2026-03-21 21:23:19 + : None None c9d39965083a63b5fa9f39e7039a233d68a92edf 
2026-03-21 21:23:20 + : pb-IF4tUU8EBg== pb-IF4tUU8EBg== c9d39965083a63b5fa9f39e7039a233d68a92edf 
2026-03-21 21:24:06 + : pb-IF4tUU8EBg== pb-IF4tUU8EBg== c9d39965083a63b5fa9f39e7039a233d68a92edf 
2026-03-21 21:24:06 + : pb-IF4tUU8EBg== ip: pb-IF4tUU8EBg== , Device id: c9d39965083a63b5fa9f39e7039a233d68a92edf 
2026-03-21 21:24:59 + : pb-IF4tUU8EBg== pb-IF4tUU8EBg== c9d39965083a63b5fa9f39e7039a233d68a92edf 
2026-03-21 21:24:59 + : pb-IF4tUU8EBg== ip: pb-IF4tUU8EBg== , Device id: c9d39965083a63b5fa9f39e7039a233d68a92edf 
2026-03-21 21:33:19 + : pb-IF4iU0QaEw== pb-IF4iU0QaEw== 4da63e77c8e855d8d121f66e6efdb706c65f6e05 
2026-03-21 21:33:19 + : pb-IF4iU0QaEw== ip: pb-IF4iU0QaEw== , Device id: 4da63e77c8e855d8d121f66e6efdb706c65f6e05 
2026-03-21 21:54:18 + : None None 4da63e77c8e855d8d121f66e6efdb706c65f6e05 
2026-03-21 21:54:19 + : pb-IF4iU0QaEw== pb-IF4iU0QaEw== 4da63e77c8e855d8d121f66e6efdb706c65f6e05 
2026-03-21 21:54:19 + : pb-IF4iU0QaEw== ip: pb-IF4iU0QaEw== , Device id: 4da63e77c8e855d8d121f66e6efdb706c65f6e05 
2026-03-21 22:07:59 + : None None 16c8725e9b0d59e0dce5310a4470470cde90a3fc 
2026-03-21 22:08:00 + : pb-IF4JUVVbFA== pb-IF4JUVVbFA== 16c8725e9b0d59e0dce5310a4470470cde90a3fc 
2026-03-21 22:08:00 + : pb-IF4JUVVbFA== ip: pb-IF4JUVVbFA== , Device id: 16c8725e9b0d59e0dce5310a4470470cde90a3fc 
2026-03-21 22:11:31 + : None None e9dddb3936f4bbfd9f6ee15de1fe071b717da46f 
2026-03-21 22:11:32 + : pb-IF4zXmcoLw== pb-IF4zXmcoLw== e9dddb3936f4bbfd9f6ee15de1fe071b717da46f 
2026-03-21 22:12:35 + : pb-IF4iU0QaEw== pb-IF4iU0QaEw== 4da63e77c8e855d8d121f66e6efdb706c65f6e05 
2026-03-21 22:12:35 + : pb-IF4iU0QaEw== ip: pb-IF4iU0QaEw== , Device id: 4da63e77c8e855d8d121f66e6efdb706c65f6e05 
2026-03-21 22:25:55 + : None None 4da63e77c8e855d8d121f66e6efdb706c65f6e05 
2026-03-21 22:25:56 + : pb-IF4iU0QaEw== pb-IF4iU0QaEw== 4da63e77c8e855d8d121f66e6efdb706c65f6e05 
2026-03-21 22:25:56 + : pb-IF4iU0QaEw== ip: pb-IF4iU0QaEw== , Device id: 4da63e77c8e855d8d121f66e6efdb706c65f6e05 
2026-03-21 22:38:44 + : None None 06a3308a475c7d2ea4e96b07f619950c0000b22a 
2026-03-21 22:38:45 + : pb-IF4xXmg9NA== pb-IF4xXmg9NA== 06a3308a475c7d2ea4e96b07f619950c0000b22a 
2026-03-21 22:43:37 + : None None 4da63e77c8e855d8d121f66e6efdb706c65f6e05 
2026-03-21 22:43:38 + : pb-IF4iU0QaEw== pb-IF4iU0QaEw== 4da63e77c8e855d8d121f66e6efdb706c65f6e05 
2026-03-21 22:43:38 + : pb-IF4iU0QaEw== ip: pb-IF4iU0QaEw== , Device id: 4da63e77c8e855d8d121f66e6efdb706c65f6e05 
2026-03-21 23:06:22 + : None None e30c973c43081dd53251ae17f95628ef5fe3f986 
2026-03-21 23:06:23 + : pb-IF4sXmkvHA== pb-IF4sXmkvHA== e30c973c43081dd53251ae17f95628ef5fe3f986 
2026-03-21 23:06:25 + : pb-IF4sXmkvHA==|| kicked > new account 
2026-03-21 23:06:58 + : None None 4da63e77c8e855d8d121f66e6efdb706c65f6e05 
2026-03-21 23:06:59 + : pb-IF4iU0QaEw== pb-IF4iU0QaEw== 4da63e77c8e855d8d121f66e6efdb706c65f6e05 
2026-03-21 23:06:59 + : pb-IF4iU0QaEw== ip: pb-IF4iU0QaEw== , Device id: 4da63e77c8e855d8d121f66e6efdb706c65f6e05 
2026-03-21 23:11:56 + : pb-IF40UXcZLQ== pb-IF40UXcZLQ== 19a7c86cf298fcc9b36dd423af4c2c02b89dd571 
2026-03-21 23:16:44 + : pb-IF4rUVkfMg== pb-IF4rUVkfMg== 3b5276b1142544be65c18cee35a516ac0c8f5a8f 
2026-03-21 23:16:44 + : pb-IF4rUVkfMg== ip: pb-IF4rUVkfMg== , Device id: 3b5276b1142544be65c18cee35a516ac0c8f5a8f 
2026-03-21 23:25:09 + : pb-IF4iU0QaEw== pb-IF4iU0QaEw== 4da63e77c8e855d8d121f66e6efdb706c65f6e05 
2026-03-21 23:25:09 + : pb-IF4iU0QaEw== ip: pb-IF4iU0QaEw== , Device id: 4da63e77c8e855d8d121f66e6efdb706c65f6e05 
2026-03-21 23:37:16 + : None None b42636c77c50a627c2340ada753703321be694f4 
2026-03-21 23:37:17 + : pb-IF4gUUEdUg== pb-IF4gUUEdUg== b42636c77c50a627c2340ada753703321be694f4 
2026-03-21 23:43:18 + : pb-IF4iU0QaEw== pb-IF4iU0QaEw== 4da63e77c8e855d8d121f66e6efdb706c65f6e05 
2026-03-21 23:43:18 + : pb-IF4iU0QaEw== ip: pb-IF4iU0QaEw== , Device id: 4da63e77c8e855d8d121f66e6efdb706c65f6e05 
2026-03-22 00:04:08 + : None None 6969696969696969696969696969696969696969 
2026-03-22 00:19:45 + : pb-IF4iU0QaEw== pb-IF4iU0QaEw== 4da63e77c8e855d8d121f66e6efdb706c65f6e05 
2026-03-22 00:19:45 + : pb-IF4iU0QaEw== ip: pb-IF4iU0QaEw== , Device id: 4da63e77c8e855d8d121f66e6efdb706c65f6e05 
2026-03-22 00:36:58 + : pb-IF4iU0QaEw== pb-IF4iU0QaEw== 4da63e77c8e855d8d121f66e6efdb706c65f6e05 
2026-03-22 00:36:58 + : pb-IF4iU0QaEw== ip: pb-IF4iU0QaEw== , Device id: 4da63e77c8e855d8d121f66e6efdb706c65f6e05 
2026-03-22 00:55:08 + : pb-IF4iU0QaEw== pb-IF4iU0QaEw== 4da63e77c8e855d8d121f66e6efdb706c65f6e05 
2026-03-22 00:55:08 + : pb-IF4iU0QaEw== ip: pb-IF4iU0QaEw== , Device id: 4da63e77c8e855d8d121f66e6efdb706c65f6e05 
2026-03-22 01:12:25 + : pb-IF4iU0QaEw== pb-IF4iU0QaEw== 4da63e77c8e855d8d121f66e6efdb706c65f6e05 
2026-03-22 01:12:25 + : pb-IF4iU0QaEw== ip: pb-IF4iU0QaEw== , Device id: 4da63e77c8e855d8d121f66e6efdb706c65f6e05 
2026-03-22 01:30:32 + : pb-IF4iU0QaEw== pb-IF4iU0QaEw== 4da63e77c8e855d8d121f66e6efdb706c65f6e05 
2026-03-22 01:30:32 + : pb-IF4iU0QaEw== ip: pb-IF4iU0QaEw== , Device id: 4da63e77c8e855d8d121f66e6efdb706c65f6e05 
2026-03-22 01:38:25 + : None None 4da63e77c8e855d8d121f66e6efdb706c65f6e05 
2026-03-22 01:38:26 + : pb-IF4iU0QaEw== pb-IF4iU0QaEw== 4da63e77c8e855d8d121f66e6efdb706c65f6e05 
2026-03-22 01:38:26 + : pb-IF4iU0QaEw== ip: pb-IF4iU0QaEw== , Device id: 4da63e77c8e855d8d121f66e6efdb706c65f6e05 
2026-03-22 01:39:18 + : None None e663c0941bf3accf8678e04a30a9fd25d7e0f7a7 
2026-03-22 01:39:19 + : pb-IF4OXmMTNg== pb-IF4OXmMTNg== e663c0941bf3accf8678e04a30a9fd25d7e0f7a7 
2026-03-22 01:43:28 + : pb-IF4JXmMbDw== pb-IF4JXmMbDw== 1a72782d674a0a5fee3daf8dc8d0319649a0d392 
2026-03-22 01:55:28 + : None None bbe5cfa424180030f382e3511aff269ab9ebb682 
2026-03-22 01:55:29 + : pb-IF4WXhcSXQ== pb-IF4WXhcSXQ== bbe5cfa424180030f382e3511aff269ab9ebb682 
2026-03-22 01:58:28 + : pb-IF4iU0QaEw== pb-IF4iU0QaEw== 4da63e77c8e855d8d121f66e6efdb706c65f6e05 
2026-03-22 01:58:28 + : pb-IF4iU0QaEw== ip: pb-IF4iU0QaEw== , Device id: 4da63e77c8e855d8d121f66e6efdb706c65f6e05 
2026-03-22 02:07:00 + : None None 4da63e77c8e855d8d121f66e6efdb706c65f6e05 
2026-03-22 02:07:01 + : pb-IF4iU0QaEw== pb-IF4iU0QaEw== 4da63e77c8e855d8d121f66e6efdb706c65f6e05 
2026-03-22 02:07:01 + : pb-IF4iU0QaEw== ip: pb-IF4iU0QaEw== , Device id: 4da63e77c8e855d8d121f66e6efdb706c65f6e05 
2026-03-22 02:21:35 + : pb-IF4iU0QaEw== pb-IF4iU0QaEw== 4da63e77c8e855d8d121f66e6efdb706c65f6e05 
2026-03-22 02:21:35 + : pb-IF4iU0QaEw== ip: pb-IF4iU0QaEw== , Device id: 4da63e77c8e855d8d121f66e6efdb706c65f6e05 
2026-03-22 02:38:51 + : pb-IF4iU0QaEw== pb-IF4iU0QaEw== 4da63e77c8e855d8d121f66e6efdb706c65f6e05 
2026-03-22 02:38:51 + : pb-IF4iU0QaEw== ip: pb-IF4iU0QaEw== , Device id: 4da63e77c8e855d8d121f66e6efdb706c65f6e05 
2026-03-22 03:15:55 + : None None 4da63e77c8e855d8d121f66e6efdb706c65f6e05 
2026-03-22 03:15:56 + : pb-IF4iU0QaEw== pb-IF4iU0QaEw== 4da63e77c8e855d8d121f66e6efdb706c65f6e05 
2026-03-22 04:22:11 + : Server started 
2026-03-22 04:25:30 + : None None 4da63e77c8e855d8d121f66e6efdb706c65f6e05 
2026-03-22 04:25:31 + : pb-IF4iU0QaEw== pb-IF4iU0QaEw== 4da63e77c8e855d8d121f66e6efdb706c65f6e05 
2026-03-22 04:25:31 + : pb-IF4iU0QaEw== ip: pb-IF4iU0QaEw== , Device id: 4da63e77c8e855d8d121f66e6efdb706c65f6e05 
2026-03-22 04:27:29 + : pb-IF5SXmEMFQ== pb-IF5SXmEMFQ== 7a373310b800e10fa92abc654959aae44bb46a90 
2026-03-22 04:32:46 + : None None 7a373310b800e10fa92abc654959aae44bb46a90 
2026-03-22 04:32:47 + : pb-IF5SXmEMFQ== pb-IF5SXmEMFQ== 7a373310b800e10fa92abc654959aae44bb46a90 
2026-03-22 04:32:47 + : pb-IF5SXmEMFQ== ip: pb-IF5SXmEMFQ== , Device id: 7a373310b800e10fa92abc654959aae44bb46a90 
2026-03-22 04:32:54 + : pb-IF4QXhgPCQ== pb-IF4QXhgPCQ== None 
2026-03-22 04:36:50 + : pb-IF4oUXRfVg== pb-IF4oUXRfVg== 1f69e17b8c8bef2d297a2a6d1c59b592f33cb77e 
2026-03-22 04:36:50 + : pb-IF4oUXRfVg== ip: pb-IF4oUXRfVg== , Device id: 1f69e17b8c8bef2d297a2a6d1c59b592f33cb77e 
2026-03-22 04:37:21 + : pb-IF4lUHgzNQ== pb-IF4lUHgzNQ== 44f3f223acb84686e25a29f21cdc37c00c9cf058 
2026-03-22 04:38:54 + : pb-IF4lUHgzNQ== pb-IF4lUHgzNQ== 44f3f223acb84686e25a29f21cdc37c00c9cf058 
2026-03-22 04:38:54 + : pb-IF4lUHgzNQ== ip: pb-IF4lUHgzNQ== , Device id: 44f3f223acb84686e25a29f21cdc37c00c9cf058 
2026-03-22 04:41:17 + : pb-IF4tUU8EBg== pb-IF4tUU8EBg== c9d39965083a63b5fa9f39e7039a233d68a92edf 
2026-03-22 04:41:17 + : pb-IF4tUU8EBg== ip: pb-IF4tUU8EBg== , Device id: c9d39965083a63b5fa9f39e7039a233d68a92edf 
2026-03-22 04:41:53 + : None None 7a373310b800e10fa92abc654959aae44bb46a90 
2026-03-22 04:41:54 + : pb-IF5SXmEMFQ== pb-IF5SXmEMFQ== 7a373310b800e10fa92abc654959aae44bb46a90 
2026-03-22 04:41:54 + : pb-IF5SXmEMFQ== ip: pb-IF5SXmEMFQ== , Device id: 7a373310b800e10fa92abc654959aae44bb46a90 
2026-03-22 04:42:18 + : pb-IF5SXmEMFQ== pb-IF5SXmEMFQ== 7a373310b800e10fa92abc654959aae44bb46a90 
2026-03-22 04:42:18 + : pb-IF5SXmEMFQ== ip: pb-IF5SXmEMFQ== , Device id: 7a373310b800e10fa92abc654959aae44bb46a90 
2026-03-22 04:42:48 + : pb-IF4SUFgHMw== pb-IF4SUFgHMw== c0aa2b603afa00f6a2a4635a2876db9033c426ec 
2026-03-22 04:47:12 + : pb-IF4iU0QaEw== pb-IF4iU0QaEw== 4da63e77c8e855d8d121f66e6efdb706c65f6e05 
2026-03-22 04:47:12 + : pb-IF4iU0QaEw== ip: pb-IF4iU0QaEw== , Device id: 4da63e77c8e855d8d121f66e6efdb706c65f6e05 
2026-03-22 04:52:54 + : None None 1ee245468bafba0b1892e65bb8f27d66227b17d1 
2026-03-22 04:52:55 + : pb-IF49XmgBBg== pb-IF49XmgBBg== 1ee245468bafba0b1892e65bb8f27d66227b17d1 
2026-03-22 05:00:42 + : pb-IF4iU0QaEw== pb-IF4iU0QaEw== 4da63e77c8e855d8d121f66e6efdb706c65f6e05 
2026-03-22 05:00:42 + : pb-IF4iU0QaEw== ip: pb-IF4iU0QaEw== , Device id: 4da63e77c8e855d8d121f66e6efdb706c65f6e05 
2026-03-22 05:07:01 + : pb-IF5SXmEMFQ== pb-IF5SXmEMFQ== 7a373310b800e10fa92abc654959aae44bb46a90 
2026-03-22 05:07:01 + : pb-IF5SXmEMFQ== ip: pb-IF5SXmEMFQ== , Device id: 7a373310b800e10fa92abc654959aae44bb46a90 
2026-03-22 05:07:34 + : pb-IF5SXmEMFQ== pb-IF5SXmEMFQ== 7a373310b800e10fa92abc654959aae44bb46a90 
2026-03-22 05:07:34 + : pb-IF5SXmEMFQ== ip: pb-IF5SXmEMFQ== , Device id: 7a373310b800e10fa92abc654959aae44bb46a90 
2026-03-22 05:18:23 + : pb-IF4iU0QaEw== pb-IF4iU0QaEw== 4da63e77c8e855d8d121f66e6efdb706c65f6e05 
2026-03-22 05:18:23 + : pb-IF4iU0QaEw== ip: pb-IF4iU0QaEw== , Device id: 4da63e77c8e855d8d121f66e6efdb706c65f6e05 
2026-03-22 05:19:10 + : None None 84eabecd4d778a77de8c8671f518a791e3f667da 
2026-03-22 05:19:11 + : pb-IF4VUEsbCw== pb-IF4VUEsbCw== 84eabecd4d778a77de8c8671f518a791e3f667da 
2026-03-22 05:26:45 + : None None 464c940e8054bfc6e93e885d1e7f421e18982eb3 
2026-03-22 05:26:46 + : pb-IF4WUEFdFw== pb-IF4WUEFdFw== 464c940e8054bfc6e93e885d1e7f421e18982eb3 
2026-03-22 05:34:52 + : None None 4da63e77c8e855d8d121f66e6efdb706c65f6e05 
2026-03-22 05:34:53 + : pb-IF4iU0QaEw== pb-IF4iU0QaEw== 4da63e77c8e855d8d121f66e6efdb706c65f6e05 
2026-03-22 05:34:53 + : pb-IF4iU0QaEw== ip: pb-IF4iU0QaEw== , Device id: 4da63e77c8e855d8d121f66e6efdb706c65f6e05 
2026-03-22 05:54:55 + : pb-IF4lXmcCBg== pb-IF4lXmcCBg== fd72de2a453ec6af56c45c468acae080c554d327 
2026-03-22 05:55:24 + : pb-IF4lXmcCBg== pb-IF4lXmcCBg== fd72de2a453ec6af56c45c468acae080c554d327 
2026-03-22 05:55:24 + : pb-IF4lXmcCBg== ip: pb-IF4lXmcCBg== , Device id: fd72de2a453ec6af56c45c468acae080c554d327 
2026-03-22 06:00:47 + : pb-IF4VUEsbCw== pb-IF4VUEsbCw== 84eabecd4d778a77de8c8671f518a791e3f667da 
2026-03-22 06:00:47 + : pb-IF4VUEsbCw== ip: pb-IF4VUEsbCw== , Device id: 84eabecd4d778a77de8c8671f518a791e3f667da 
2026-03-22 06:12:11 + : pb-IF4iU0QaEw== pb-IF4iU0QaEw== 4da63e77c8e855d8d121f66e6efdb706c65f6e05 
2026-03-22 06:12:11 + : pb-IF4iU0QaEw== ip: pb-IF4iU0QaEw== , Device id: 4da63e77c8e855d8d121f66e6efdb706c65f6e05 
2026-03-22 06:28:37 + : pb-IF4iU0QaEw== pb-IF4iU0QaEw== 4da63e77c8e855d8d121f66e6efdb706c65f6e05 
2026-03-22 06:28:37 + : pb-IF4iU0QaEw== ip: pb-IF4iU0QaEw== , Device id: 4da63e77c8e855d8d121f66e6efdb706c65f6e05 
2026-03-22 06:29:42 + : pb-IF4TXmFZDg== pb-IF4TXmFZDg== eafa25a48fa0e6f3d7bc95da5516df8e1e746ed5 
2026-03-22 06:30:52 + : pb-IF48UXk8VA== pb-IF48UXk8VA== 9940a7de23e20271ce05bf67ddd0883dc0d0cc70 
2026-03-22 06:36:38 + : pb-IF4lXmcCBg== pb-IF4lXmcCBg== fd72de2a453ec6af56c45c468acae080c554d327 
2026-03-22 06:36:38 + : pb-IF4lXmcCBg== ip: pb-IF4lXmcCBg== , Device id: fd72de2a453ec6af56c45c468acae080c554d327 
2026-03-22 06:39:53 + : pb-IF4WUEFdFw== pb-IF4WUEFdFw== 464c940e8054bfc6e93e885d1e7f421e18982eb3 
2026-03-22 06:39:53 + : pb-IF4WUEFdFw== ip: pb-IF4WUEFdFw== , Device id: 464c940e8054bfc6e93e885d1e7f421e18982eb3 
2026-03-22 07:03:46 + : pb-IF4iU0QaEw== pb-IF4iU0QaEw== 4da63e77c8e855d8d121f66e6efdb706c65f6e05 
2026-03-22 07:03:46 + : pb-IF4iU0QaEw== ip: pb-IF4iU0QaEw== , Device id: 4da63e77c8e855d8d121f66e6efdb706c65f6e05 
2026-03-22 07:12:38 + : pb-IF4dURU_NA== pb-IF4dURU_NA== c1a3092af02d5de523a50b397bbe39a45b9e261d 
2026-03-22 07:28:23 + : None None 6969696969696969696969696969696969696969 
2026-03-22 07:37:53 + : pb-IF4iU0QaEw== pb-IF4iU0QaEw== 4da63e77c8e855d8d121f66e6efdb706c65f6e05 
2026-03-22 07:37:53 + : pb-IF4iU0QaEw== ip: pb-IF4iU0QaEw== , Device id: 4da63e77c8e855d8d121f66e6efdb706c65f6e05 
2026-03-22 07:38:54 + : None None a99d7c7247ae897b5e9c3a6c8c8b8cc071c21b49 
2026-03-22 07:38:55 + : pb-IF42UVAzMQ== pb-IF42UVAzMQ== a99d7c7247ae897b5e9c3a6c8c8b8cc071c21b49 
2026-03-22 07:56:45 + : pb-IF4iU0QaEw== pb-IF4iU0QaEw== 4da63e77c8e855d8d121f66e6efdb706c65f6e05 
2026-03-22 07:56:45 + : pb-IF4iU0QaEw== ip: pb-IF4iU0QaEw== , Device id: 4da63e77c8e855d8d121f66e6efdb706c65f6e05 
2026-03-22 08:28:33 + : Server started 
2026-03-22 08:31:14 + : pb-IF4iU0QaEw== pb-IF4iU0QaEw== 4da63e77c8e855d8d121f66e6efdb706c65f6e05 
2026-03-22 08:31:14 + : pb-IF4iU0QaEw== ip: pb-IF4iU0QaEw== , Device id: 4da63e77c8e855d8d121f66e6efdb706c65f6e05 
2026-03-22 08:32:14 + : None None 6970eaf24efd9a856d2e989aca6730892a37d1bb 
2026-03-22 08:32:15 + : pb-IF4JUVVbFA== pb-IF4JUVVbFA== 6970eaf24efd9a856d2e989aca6730892a37d1bb 
2026-03-22 08:32:15 + : pb-IF4JUVVbFA== ip: pb-IF4JUVVbFA== , Device id: 6970eaf24efd9a856d2e989aca6730892a37d1bb 
2026-03-22 08:49:40 + : pb-IF5cUUxcXA== pb-IF5cUUxcXA== 244e8fa6a0f65c59a4b3b7ee362a8b84044ca09b 
2026-03-22 08:51:33 + : None None 6970eaf24efd9a856d2e989aca6730892a37d1bb 
2026-03-22 08:51:35 + : pb-IF4JUVVbFA== pb-IF4JUVVbFA== 6970eaf24efd9a856d2e989aca6730892a37d1bb 
2026-03-22 08:51:35 + : pb-IF4JUVVbFA== ip: pb-IF4JUVVbFA== , Device id: 6970eaf24efd9a856d2e989aca6730892a37d1bb 
2026-03-22 08:52:15 + : pb-IF4xUUQHEw== pb-IF4xUUQHEw== ef1407cb43e19aceded4f54dae190ed0d5fbaadf 
2026-03-22 08:52:24 + : pb-IF4iU0QaEw== pb-IF4iU0QaEw== 4da63e77c8e855d8d121f66e6efdb706c65f6e05 
2026-03-22 08:52:24 + : pb-IF4iU0QaEw== ip: pb-IF4iU0QaEw== , Device id: 4da63e77c8e855d8d121f66e6efdb706c65f6e05 
2026-03-22 08:52:36 + : None None 244e8fa6a0f65c59a4b3b7ee362a8b84044ca09b 
2026-03-22 08:52:37 + : pb-IF5cUUxcXA== pb-IF5cUUxcXA== 244e8fa6a0f65c59a4b3b7ee362a8b84044ca09b 
2026-03-22 08:52:37 + : pb-IF5cUUxcXA== ip: pb-IF5cUUxcXA== , Device id: 244e8fa6a0f65c59a4b3b7ee362a8b84044ca09b 
2026-03-22 09:00:39 + : None None 7a373310b800e10fa92abc654959aae44bb46a90 
2026-03-22 09:00:40 + : pb-IF5SXmEMFQ== pb-IF5SXmEMFQ== 7a373310b800e10fa92abc654959aae44bb46a90 
2026-03-22 09:00:40 + : pb-IF5SXmEMFQ== ip: pb-IF5SXmEMFQ== , Device id: 7a373310b800e10fa92abc654959aae44bb46a90 
2026-03-22 09:08:10 + : pb-IF4iU0QaEw== pb-IF4iU0QaEw== 4da63e77c8e855d8d121f66e6efdb706c65f6e05 
2026-03-22 09:08:10 + : pb-IF4iU0QaEw== ip: pb-IF4iU0QaEw== , Device id: 4da63e77c8e855d8d121f66e6efdb706c65f6e05 
2026-03-22 09:08:15 + : pb-IF5SXmEMFQ== pb-IF5SXmEMFQ== 7a373310b800e10fa92abc654959aae44bb46a90 
2026-03-22 09:08:15 + : pb-IF5SXmEMFQ== ip: pb-IF5SXmEMFQ== , Device id: 7a373310b800e10fa92abc654959aae44bb46a90 
2026-03-22 09:09:55 + : None None 7a373310b800e10fa92abc654959aae44bb46a90 
2026-03-22 09:09:56 + : pb-IF5SXmEMFQ== pb-IF5SXmEMFQ== 7a373310b800e10fa92abc654959aae44bb46a90 
2026-03-22 09:09:56 + : pb-IF5SXmEMFQ== ip: pb-IF5SXmEMFQ== , Device id: 7a373310b800e10fa92abc654959aae44bb46a90 
2026-03-22 09:12:02 + : None None 244e8fa6a0f65c59a4b3b7ee362a8b84044ca09b 
2026-03-22 09:12:03 + : pb-IF5cUUxcXA== pb-IF5cUUxcXA== 244e8fa6a0f65c59a4b3b7ee362a8b84044ca09b 
2026-03-22 09:12:03 + : pb-IF5cUUxcXA== ip: pb-IF5cUUxcXA== , Device id: 244e8fa6a0f65c59a4b3b7ee362a8b84044ca09b 
2026-03-22 09:26:36 + : None None 4da63e77c8e855d8d121f66e6efdb706c65f6e05 
2026-03-22 09:26:37 + : pb-IF4iU0QaEw== pb-IF4iU0QaEw== 4da63e77c8e855d8d121f66e6efdb706c65f6e05 
2026-03-22 09:26:37 + : pb-IF4iU0QaEw== ip: pb-IF4iU0QaEw== , Device id: 4da63e77c8e855d8d121f66e6efdb706c65f6e05 
2026-03-22 09:29:43 + : pb-IF4MXhIPNA== pb-IF4MXhIPNA== c57638a3a058c6f7a17224d0c6ccbdc23d804b18 
2026-03-22 09:40:28 + : pb-IF4PUVgdPw== pb-IF4PUVgdPw== d83fd4af4e81bd7c8b06ad56a716c074b3599a7a 
2026-03-22 09:40:28 + : pb-IF4PUVgdPw== ip: pb-IF4PUVgdPw== , Device id: d83fd4af4e81bd7c8b06ad56a716c074b3599a7a 
2026-03-22 09:44:21 + : pb-IF4iU0QaEw== pb-IF4iU0QaEw== 4da63e77c8e855d8d121f66e6efdb706c65f6e05 
2026-03-22 09:44:21 + : pb-IF4iU0QaEw== ip: pb-IF4iU0QaEw== , Device id: 4da63e77c8e855d8d121f66e6efdb706c65f6e05 
2026-03-22 09:44:59 + : pb-IF4-UFYGIg== pb-IF4-UFYGIg== 274f32dc4c5fe3f21607ba0cec6f5b05ce25386b 
2026-03-22 09:56:53 + : None None 4da63e77c8e855d8d121f66e6efdb706c65f6e05 
2026-03-22 09:56:54 + : pb-IF4iU0QaEw== pb-IF4iU0QaEw== 4da63e77c8e855d8d121f66e6efdb706c65f6e05 
2026-03-22 09:56:54 + : pb-IF4iU0QaEw== ip: pb-IF4iU0QaEw== , Device id: 4da63e77c8e855d8d121f66e6efdb706c65f6e05 
2026-03-22 10:01:50 + : pb-IF4JUVVbFA== pb-IF4JUVVbFA== 6970eaf24efd9a856d2e989aca6730892a37d1bb 
2026-03-22 10:01:50 + : pb-IF4JUVVbFA== ip: pb-IF4JUVVbFA== , Device id: 6970eaf24efd9a856d2e989aca6730892a37d1bb 
2026-03-22 10:07:56 + : pb-IF4zUVYiFw== pb-IF4zUVYiFw== 549af7503f1719425438be46c551002411452503 
2026-03-22 10:17:58 + : pb-IF4iU0QaEw== pb-IF4iU0QaEw== 4da63e77c8e855d8d121f66e6efdb706c65f6e05 
2026-03-22 10:17:58 + : pb-IF4iU0QaEw== ip: pb-IF4iU0QaEw== , Device id: 4da63e77c8e855d8d121f66e6efdb706c65f6e05 
2026-03-22 10:19:15 + : pb-IF42XmktIQ== pb-IF42XmktIQ== a6ed1eb5cc4c124a517fbbc7d9461b6e92171e28 
2026-03-22 10:20:35 + : None None c57638a3a058c6f7a17224d0c6ccbdc23d804b18 
2026-03-22 10:20:36 + : pb-IF4MXhIPNA== pb-IF4MXhIPNA== c57638a3a058c6f7a17224d0c6ccbdc23d804b18 
2026-03-22 10:20:36 + : pb-IF4MXhIPNA== ip: pb-IF4MXhIPNA== , Device id: c57638a3a058c6f7a17224d0c6ccbdc23d804b18 
2026-03-22 10:27:02 + : pb-IF4HUG0DNA== pb-IF4HUG0DNA== 843c649fd190f334f90dfeb0cd03c382cd9fe7f0 
2026-03-22 10:27:02 + : pb-IF4HUG0DNA== ip: pb-IF4HUG0DNA== , Device id: 843c649fd190f334f90dfeb0cd03c382cd9fe7f0 
2026-03-22 10:27:13 + : pb-IF4zUVYiFw== pb-IF4zUVYiFw== 549af7503f1719425438be46c551002411452503 
2026-03-22 10:27:13 + : pb-IF4zUVYiFw== ip: pb-IF4zUVYiFw== , Device id: 549af7503f1719425438be46c551002411452503 
2026-03-22 10:31:12 + : pb-IF4JUVVbFA== pb-IF4JUVVbFA== 6970eaf24efd9a856d2e989aca6730892a37d1bb 
2026-03-22 10:31:12 + : pb-IF4JUVVbFA== ip: pb-IF4JUVVbFA== , Device id: 6970eaf24efd9a856d2e989aca6730892a37d1bb 
2026-03-22 10:33:20 + : pb-IF4iUXItPA== pb-IF4iUXItPA== 0d34e1a835b8bc93862db731be50832dd62ea12b 
2026-03-22 10:34:07 + : pb-IF4vXmkDLw== pb-IF4vXmkDLw== f0e36007b307b435bf5e1f92ea3b909c9febf0bd 
2026-03-22 10:34:10 + : pb-IF4vXmkDLw==|| kicked > new account 
2026-03-22 10:36:32 + : pb-IF4iU0QaEw== pb-IF4iU0QaEw== 4da63e77c8e855d8d121f66e6efdb706c65f6e05 
2026-03-22 10:36:32 + : pb-IF4iU0QaEw== ip: pb-IF4iU0QaEw== , Device id: 4da63e77c8e855d8d121f66e6efdb706c65f6e05 
2026-03-22 10:42:25 + : pb-IF4OURkaVw== pb-IF4OURkaVw== 9b9d444e21368f974cb020bd124cba9649b476a6 
2026-03-22 10:43:52 + : pb-IF43UXQ8HA== pb-IF43UXQ8HA== 345ade84ce954311edda82799cc28484b14037d4 
2026-03-22 10:44:55 + : None None 833774c4365bdd64c6a8ad21ca2ff0c56e2bbd33 
2026-03-22 10:44:56 + : pb-IF4KUG9cHw== pb-IF4KUG9cHw== 833774c4365bdd64c6a8ad21ca2ff0c56e2bbd33 
2026-03-22 10:45:58 + : pb-IF4KUG9cHw== pb-IF4KUG9cHw== 833774c4365bdd64c6a8ad21ca2ff0c56e2bbd33 
2026-03-22 10:45:58 + : pb-IF4KUG9cHw== ip: pb-IF4KUG9cHw== , Device id: 833774c4365bdd64c6a8ad21ca2ff0c56e2bbd33 
2026-03-22 10:47:30 + : pb-IF4JUnUEJw== pb-IF4JUnUEJw== f56ab1eec667440c81f79bd5b9d01c54179a6426 
2026-03-22 10:49:51 + : pb-IF4JUVVbFA== pb-IF4JUVVbFA== 6970eaf24efd9a856d2e989aca6730892a37d1bb 
2026-03-22 10:49:51 + : pb-IF4JUVVbFA== ip: pb-IF4JUVVbFA== , Device id: 6970eaf24efd9a856d2e989aca6730892a37d1bb 
2026-03-22 10:51:11 + : None None 549af7503f1719425438be46c551002411452503 
2026-03-22 10:51:12 + : pb-IF4zUVYiFw== pb-IF4zUVYiFw== 549af7503f1719425438be46c551002411452503 
2026-03-22 10:51:12 + : pb-IF4zUVYiFw== ip: pb-IF4zUVYiFw== , Device id: 549af7503f1719425438be46c551002411452503 
2026-03-22 10:54:37 + : pb-IF4iU0QaEw== pb-IF4iU0QaEw== 4da63e77c8e855d8d121f66e6efdb706c65f6e05 
2026-03-22 10:54:37 + : pb-IF4iU0QaEw== ip: pb-IF4iU0QaEw== , Device id: 4da63e77c8e855d8d121f66e6efdb706c65f6e05 
2026-03-22 10:55:38 + : pb-IF4KUG9cHw== pb-IF4KUG9cHw== 833774c4365bdd64c6a8ad21ca2ff0c56e2bbd33 
2026-03-22 10:55:38 + : pb-IF4KUG9cHw== ip: pb-IF4KUG9cHw== , Device id: 833774c4365bdd64c6a8ad21ca2ff0c56e2bbd33 
2026-03-22 10:55:48 + : pb-IF5cUUxcXA== pb-IF5cUUxcXA== 244e8fa6a0f65c59a4b3b7ee362a8b84044ca09b 
2026-03-22 10:55:48 + : pb-IF5cUUxcXA== ip: pb-IF5cUUxcXA== , Device id: 244e8fa6a0f65c59a4b3b7ee362a8b84044ca09b 
2026-03-22 10:57:13 + : pb-IF4LXmUIEA== pb-IF4LXmUIEA== d3b1e11df002a05b2f7e95c507a21590ca2bd85c 
2026-03-22 11:11:37 + : pb-IF43UXQ8HA== pb-IF43UXQ8HA== 345ade84ce954311edda82799cc28484b14037d4 
2026-03-22 11:11:37 + : pb-IF43UXQ8HA== ip: pb-IF43UXQ8HA== , Device id: 345ade84ce954311edda82799cc28484b14037d4 
2026-03-22 11:12:01 + : None None 549af7503f1719425438be46c551002411452503 
2026-03-22 11:12:02 + : pb-IF4zUVYiFw== pb-IF4zUVYiFw== 549af7503f1719425438be46c551002411452503 
2026-03-22 11:12:02 + : pb-IF4zUVYiFw== ip: pb-IF4zUVYiFw== , Device id: 549af7503f1719425438be46c551002411452503 
2026-03-22 11:12:10 + : pb-IF4BUk4MJw== pb-IF4BUk4MJw== 655aa0402b26a04b767cd26dec166a4f9f0ada80 
2026-03-22 11:12:43 + : pb-IF4iU0QaEw== pb-IF4iU0QaEw== 4da63e77c8e855d8d121f66e6efdb706c65f6e05 
2026-03-22 11:12:43 + : pb-IF4iU0QaEw== ip: pb-IF4iU0QaEw== , Device id: 4da63e77c8e855d8d121f66e6efdb706c65f6e05 
2026-03-22 11:13:39 + : pb-IF4BUk4MJw== pb-IF4BUk4MJw== 655aa0402b26a04b767cd26dec166a4f9f0ada80 
2026-03-22 11:13:39 + : pb-IF4BUk4MJw== ip: pb-IF4BUk4MJw== , Device id: 655aa0402b26a04b767cd26dec166a4f9f0ada80 
2026-03-22 11:14:28 + : pb-IF4BUk4MJw== pb-IF4BUk4MJw== 655aa0402b26a04b767cd26dec166a4f9f0ada80 
2026-03-22 11:14:28 + : pb-IF4BUk4MJw== ip: pb-IF4BUk4MJw== , Device id: 655aa0402b26a04b767cd26dec166a4f9f0ada80 
2026-03-22 11:16:13 + : None None 345ade84ce954311edda82799cc28484b14037d4 
2026-03-22 11:16:14 + : pb-IF43UXQ8HA== pb-IF43UXQ8HA== 345ade84ce954311edda82799cc28484b14037d4 
2026-03-22 11:16:14 + : pb-IF43UXQ8HA== ip: pb-IF43UXQ8HA== , Device id: 345ade84ce954311edda82799cc28484b14037d4 
2026-03-22 11:20:51 + : pb-IF4HUG0DNA== pb-IF4HUG0DNA== 843c649fd190f334f90dfeb0cd03c382cd9fe7f0 
2026-03-22 11:20:51 + : pb-IF4HUG0DNA== ip: pb-IF4HUG0DNA== , Device id: 843c649fd190f334f90dfeb0cd03c382cd9fe7f0 
2026-03-22 11:21:12 + : pb-IF4HUG0DNA== pb-IF4HUG0DNA== 843c649fd190f334f90dfeb0cd03c382cd9fe7f0 
2026-03-22 11:21:12 + : pb-IF4HUG0DNA== ip: pb-IF4HUG0DNA== , Device id: 843c649fd190f334f90dfeb0cd03c382cd9fe7f0 
2026-03-22 11:25:14 + : None None 345ade84ce954311edda82799cc28484b14037d4 
2026-03-22 11:25:15 + : pb-IF43UXQ8HA== pb-IF43UXQ8HA== 345ade84ce954311edda82799cc28484b14037d4 
2026-03-22 11:25:15 + : pb-IF43UXQ8HA== ip: pb-IF43UXQ8HA== , Device id: 345ade84ce954311edda82799cc28484b14037d4 
2026-03-22 11:25:19 + : None None 6970eaf24efd9a856d2e989aca6730892a37d1bb 
2026-03-22 11:25:20 + : pb-IF4JUVVbFA== pb-IF4JUVVbFA== 6970eaf24efd9a856d2e989aca6730892a37d1bb 
2026-03-22 11:25:20 + : pb-IF4JUVVbFA== ip: pb-IF4JUVVbFA== , Device id: 6970eaf24efd9a856d2e989aca6730892a37d1bb 
2026-03-22 11:30:37 + : pb-IF4iU0QaEw== pb-IF4iU0QaEw== 4da63e77c8e855d8d121f66e6efdb706c65f6e05 
2026-03-22 11:30:37 + : pb-IF4iU0QaEw== ip: pb-IF4iU0QaEw== , Device id: 4da63e77c8e855d8d121f66e6efdb706c65f6e05 
2026-03-22 11:34:55 + : pb-IF4RXmgYMA== pb-IF4RXmgYMA== 57d5d64026146e31a2c818acd4b7857b0cb845d4 
2026-03-22 11:36:48 + : pb-IF4KUWwDKQ== pb-IF4KUWwDKQ== b56dbe376add2bdd5bca02a391f82f723cde833a 
2026-03-22 11:37:28 + : None None 843c649fd190f334f90dfeb0cd03c382cd9fe7f0 
2026-03-22 11:37:29 + : pb-IF4BUk4MJw== pb-IF4BUk4MJw== 655aa0402b26a04b767cd26dec166a4f9f0ada80 
2026-03-22 11:37:29 + : pb-IF4BUk4MJw== ip: pb-IF4BUk4MJw== , Device id: 655aa0402b26a04b767cd26dec166a4f9f0ada80 
2026-03-22 11:37:29 + : pb-IF4HUG0DNA== pb-IF4HUG0DNA== 843c649fd190f334f90dfeb0cd03c382cd9fe7f0 
2026-03-22 11:37:29 + : pb-IF4HUG0DNA== ip: pb-IF4HUG0DNA== , Device id: 843c649fd190f334f90dfeb0cd03c382cd9fe7f0 
2026-03-22 11:37:30 + : pb-IF43UXQ8HA== pb-IF43UXQ8HA== 345ade84ce954311edda82799cc28484b14037d4 
2026-03-22 11:37:30 + : pb-IF43UXQ8HA== ip: pb-IF43UXQ8HA== , Device id: 345ade84ce954311edda82799cc28484b14037d4 
2026-03-22 11:37:47 + : pb-IF4JUVVbFA== pb-IF4JUVVbFA== 6970eaf24efd9a856d2e989aca6730892a37d1bb 
2026-03-22 11:37:47 + : pb-IF4JUVVbFA== ip: pb-IF4JUVVbFA== , Device id: 6970eaf24efd9a856d2e989aca6730892a37d1bb 
2026-03-22 11:38:45 + : None None 9de8e10f038abc03f5f99a38a8f66375536bbe46 
2026-03-22 11:38:46 + : pb-IF4lXmYmPQ== pb-IF4lXmYmPQ== 9de8e10f038abc03f5f99a38a8f66375536bbe46 
2026-03-22 11:39:12 + : None None 359f788885a46d16b65003c52a7eabbd0e66779a 
2026-03-22 11:39:14 + : pb-IF4sUG8TPA== pb-IF4sUG8TPA== 359f788885a46d16b65003c52a7eabbd0e66779a 
2026-03-22 11:41:53 + : None None d54e9761eedc8ce4c6dd310d895924e449aad71f 
2026-03-22 11:41:54 + : pb-IF4jUVI_Pw== pb-IF4jUVI_Pw== d54e9761eedc8ce4c6dd310d895924e449aad71f 
2026-03-22 11:45:26 + : pb-IF4JUVVbFA== pb-IF4JUVVbFA== 6970eaf24efd9a856d2e989aca6730892a37d1bb 
2026-03-22 11:45:26 + : pb-IF4JUVVbFA== ip: pb-IF4JUVVbFA== , Device id: 6970eaf24efd9a856d2e989aca6730892a37d1bb 
2026-03-22 11:45:49 + : pb-IF4xXhYmLQ== pb-IF4xXhYmLQ== 5e01260fb07bff81322910649d96c9c82b3deaeb 
2026-03-22 11:48:33 + : pb-IF43UXQ8HA== pb-IF43UXQ8HA== 345ade84ce954311edda82799cc28484b14037d4 
2026-03-22 11:48:33 + : pb-IF43UXQ8HA== ip: pb-IF43UXQ8HA== , Device id: 345ade84ce954311edda82799cc28484b14037d4 
2026-03-22 11:49:27 + : pb-IF5cXhc_KA== pb-IF5cXhc_KA== ecdbe701bb88dc46102accee47ccfb0e3df67131 
2026-03-22 11:53:04 + : None None 6969696969696969696969696969696969696969 
2026-03-22 11:55:22 + : pb-IF4PUG4JEw== pb-IF4PUG4JEw== 777c6c554418b400736cded6e9f87cdcb047bc43 
2026-03-22 11:59:34 + : pb-IF4PUG4JEw== pb-IF4PUG4JEw== 777c6c554418b400736cded6e9f87cdcb047bc43 
2026-03-22 11:59:34 + : pb-IF4PUG4JEw== ip: pb-IF4PUG4JEw== , Device id: 777c6c554418b400736cded6e9f87cdcb047bc43 
2026-03-22 12:00:03 + : pb-IF4RUEY-Dw== pb-IF4RUEY-Dw== fd8e4f8263f8df67ac411e6f25efabbc9fa6bc34 
2026-03-22 12:02:56 + : pb-IF4nUVQuFA== pb-IF4nUVQuFA== e203baf1b2381997edaa75a66747c064cb1320e8 
2026-03-22 12:05:49 + : None None 45b426c3494f2d0d58aa9239cf08f587e1e8ee5d 
2026-03-22 12:05:50 + : pb-IF4PXmk-Mw== pb-IF4PXmk-Mw== 45b426c3494f2d0d58aa9239cf08f587e1e8ee5d 
2026-03-22 12:06:21 + : pb-IF4iU0QaEw== pb-IF4iU0QaEw== 4da63e77c8e855d8d121f66e6efdb706c65f6e05 
2026-03-22 12:06:21 + : pb-IF4iU0QaEw== ip: pb-IF4iU0QaEw== , Device id: 4da63e77c8e855d8d121f66e6efdb706c65f6e05 
2026-03-22 12:06:58 + : pb-IF4BUk4MJw== pb-IF4BUk4MJw== 655aa0402b26a04b767cd26dec166a4f9f0ada80 
2026-03-22 12:06:58 + : pb-IF4BUk4MJw== ip: pb-IF4BUk4MJw== , Device id: 655aa0402b26a04b767cd26dec166a4f9f0ada80 
2026-03-22 12:08:38 + : pb-IF43UXQ8HA== pb-IF43UXQ8HA== 345ade84ce954311edda82799cc28484b14037d4 
2026-03-22 12:08:38 + : pb-IF43UXQ8HA== ip: pb-IF43UXQ8HA== , Device id: 345ade84ce954311edda82799cc28484b14037d4 
2026-03-22 12:23:49 + : pb-IF4iU0QaEw== pb-IF4iU0QaEw== 4da63e77c8e855d8d121f66e6efdb706c65f6e05 
2026-03-22 12:23:49 + : pb-IF4iU0QaEw== ip: pb-IF4iU0QaEw== , Device id: 4da63e77c8e855d8d121f66e6efdb706c65f6e05 
2026-03-22 12:31:29 + : pb-IF4tUEofEQ== pb-IF4tUEofEQ== cfb37426a3fd26d7ef093a80cf021cd76f20dc9b 
2026-03-22 12:32:37 + : pb-IF4JUVVbFA== pb-IF4JUVVbFA== 6970eaf24efd9a856d2e989aca6730892a37d1bb 
2026-03-22 12:32:37 + : pb-IF4JUVVbFA== ip: pb-IF4JUVVbFA== , Device id: 6970eaf24efd9a856d2e989aca6730892a37d1bb 
2026-03-22 12:41:25 + : pb-IF4iU0QaEw== pb-IF4iU0QaEw== 4da63e77c8e855d8d121f66e6efdb706c65f6e05 
2026-03-22 12:41:25 + : pb-IF4iU0QaEw== ip: pb-IF4iU0QaEw== , Device id: 4da63e77c8e855d8d121f66e6efdb706c65f6e05 
2026-03-22 12:43:26 + : pb-IF5dXmggUA== pb-IF5dXmggUA== e2f1cb27a16e8440e20020bf1db5acdf9ff7f405 
2026-03-22 12:52:20 + : pb-IF4JUVVbFA== pb-IF4JUVVbFA== 6970eaf24efd9a856d2e989aca6730892a37d1bb 
2026-03-22 12:52:20 + : pb-IF4JUVVbFA== ip: pb-IF4JUVVbFA== , Device id: 6970eaf24efd9a856d2e989aca6730892a37d1bb 
2026-03-22 13:09:17 + : pb-IF4cXmguAA== pb-IF4cXmguAA== cebad1d336ad31a1e0bac6729e8237539c0e010c 
2026-03-22 13:10:47 + : None None 4da63e77c8e855d8d121f66e6efdb706c65f6e05 
2026-03-22 13:14:03 + : Server started 
2026-03-22 13:14:16 + : pb-IF4JUVVbFA== pb-IF4JUVVbFA== 6970eaf24efd9a856d2e989aca6730892a37d1bb 
2026-03-22 13:14:16 + : pb-IF4JUVVbFA== ip: pb-IF4JUVVbFA== , Device id: 6970eaf24efd9a856d2e989aca6730892a37d1bb 
2026-03-22 13:14:59 + : None None 6970eaf24efd9a856d2e989aca6730892a37d1bb 
2026-03-22 13:15:00 + : pb-IF4JUVVbFA== pb-IF4JUVVbFA== 6970eaf24efd9a856d2e989aca6730892a37d1bb 
2026-03-22 13:15:00 + : pb-IF4JUVVbFA== ip: pb-IF4JUVVbFA== , Device id: 6970eaf24efd9a856d2e989aca6730892a37d1bb 
2026-03-22 13:22:45 + : Server started 
2026-03-22 13:23:01 + : pb-IF4JUVVbFA== pb-IF4JUVVbFA== 6970eaf24efd9a856d2e989aca6730892a37d1bb 
2026-03-22 13:23:01 + : pb-IF4JUVVbFA== ip: pb-IF4JUVVbFA== , Device id: 6970eaf24efd9a856d2e989aca6730892a37d1bb 
2026-03-22 13:25:27 + : pb-IF4JUVVbFA== pb-IF4JUVVbFA== 6970eaf24efd9a856d2e989aca6730892a37d1bb 
2026-03-22 13:25:27 + : pb-IF4JUVVbFA== ip: pb-IF4JUVVbFA== , Device id: 6970eaf24efd9a856d2e989aca6730892a37d1bb 
2026-03-22 13:27:40 + : pb-IF4yXmktBA== pb-IF4yXmktBA== 3fb46c3e34856103cf6a0183bbf4c0cfce05eb37 
